<?xml version="1.0" encoding="UTF-8"?>
<!-- Generated by org.testng.reporters.JUnitXMLReporter -->
<testsuite hostname="LAPTOP-807JA60V" ignored="0" name="Test-Runner-Chrome" tests="3" failures="0" timestamp="2022-01-22T00:00:23 IST" time="68.641" errors="0">
  <testcase name="configBS" time="0.007" classname="com.crm.GenericLibrary.BaseClass"/>
  <testcase name="createOrgTest" time="16.385" classname="com.crm.comcas.orgTest.CreateOrganization"/>
  <testcase name="createOrgWithIndutriesTest" time="14.013" classname="com.crm.comcas.orgTest.CreateOrganization"/>
</testsuite> <!-- Test-Runner-Chrome -->
