<?xml version="1.0" encoding="UTF-8"?>
<!-- Generated by org.testng.reporters.JUnitXMLReporter -->
<testsuite hostname="LAPTOP-807JA60V" ignored="0" name="Test-Runner-firefox" tests="3" failures="0" timestamp="2022-01-22T00:00:47 IST" time="92.392" errors="0">
  <testcase name="configBS" time="0.009" classname="com.crm.GenericLibrary.BaseClass"/>
  <testcase name="createOrgTest" time="13.868" classname="com.crm.comcas.orgTest.CreateOrganization"/>
  <testcase name="createOrgWithIndutriesTest" time="13.281" classname="com.crm.comcas.orgTest.CreateOrganization"/>
</testsuite> <!-- Test-Runner-firefox -->
