<?xml version="1.0" encoding="UTF-8"?>
<!-- Generated by org.testng.reporters.JUnitReportReporter -->
<testsuite skipped="0" hostname="LAPTOP-807JA60V" name="com.contact.test.CreatecontactTest" tests="1" failures="0" timestamp="2022-01-14T15:48:26 IST" time="25.835" errors="0">
  <testcase name="testCreateContact" time="25.835" classname="com.contact.test.CreatecontactTest"/>
  <system-out/>
</testsuite> <!-- com.contact.test.CreatecontactTest -->
