<?xml version="1.0" encoding="UTF-8"?>
<!-- Generated by org.testng.reporters.JUnitReportReporter -->
<testsuite skipped="0" hostname="LAPTOP-807JA60V" name="com.crm.comcas.orgTest.CreateOrganization" tests="6" failures="0" timestamp="2022-01-22T00:00:47 IST" time="111.180" errors="0">
  <testcase name="configBS" time="6.966" classname="com.crm.comcas.orgTest.CreateOrganization"/>
  <system-out/>
  <testcase name="createOrgWithIndutriesTest" time="23.648" classname="com.crm.comcas.orgTest.CreateOrganization"/>
  <system-out/>
  <testcase name="createOrgTest" time="20.535" classname="com.crm.comcas.orgTest.CreateOrganization"/>
  <system-out/>
  <testcase name="createOrgTest" time="22.602" classname="com.crm.comcas.orgTest.CreateOrganization"/>
  <system-out/>
  <testcase name="createOrgWithIndutriesTest" time="27.112" classname="com.crm.comcas.orgTest.CreateOrganization"/>
  <system-out/>
  <testcase name="configBS" time="10.317" classname="com.crm.comcas.orgTest.CreateOrganization"/>
  <system-out/>
</testsuite> <!-- com.crm.comcas.orgTest.CreateOrganization -->
