<?xml version="1.0" encoding="UTF-8"?>
<!-- Generated by org.testng.reporters.JUnitReportReporter -->
<testsuite skipped="0" hostname="LAPTOP-807JA60V" name="practice.BookTicket" tests="10" failures="0" timestamp="2022-01-21T15:34:57 IST" time="0.007" errors="0">
  <testcase name="bookTicket" time="0.000" classname="practice.BookTicket"/>
  <system-out/>
  <testcase name="bookTicket" time="0.002" classname="practice.BookTicket"/>
  <system-out/>
  <testcase name="bookTicket" time="0.001" classname="practice.BookTicket"/>
  <system-out/>
  <testcase name="bookTicket" time="0.000" classname="practice.BookTicket"/>
  <system-out/>
  <testcase name="bookTicket" time="0.001" classname="practice.BookTicket"/>
  <system-out/>
  <testcase name="bookTicket" time="0.000" classname="practice.BookTicket"/>
  <system-out/>
  <testcase name="bookTicket" time="0.001" classname="practice.BookTicket"/>
  <system-out/>
  <testcase name="bookTicket" time="0.001" classname="practice.BookTicket"/>
  <system-out/>
  <testcase name="bookTicket" time="0.001" classname="practice.BookTicket"/>
  <system-out/>
  <testcase name="bookTicket" time="0.000" classname="practice.BookTicket"/>
  <system-out/>
</testsuite> <!-- practice.BookTicket -->
